<?xml version="1.0" encoding="utf-8"?><testsuites name="pytest tests"><testsuite name="pytest" errors="0" failures="0" skipped="0" tests="10" time="1.437" timestamp="2026-05-06T07:16:00.368959-03:00" hostname="jezuis-Aspire-A515-57"><testcase classname="tests.test_animator_api" name="test_orhoanimator_fallbacks_to_t2m_when_preset_missing" time="0.004" /><testcase classname="tests.test_animator_api" name="test_set_video_quality_validates_bounds" time="0.002" /><testcase classname="tests.test_animator_api" name="test_set_quality_unknown_preset_raises" time="0.002" /><testcase classname="tests.test_animator_api" name="test_rotation_stop_fraction_validation" time="0.002" /><testcase classname="tests.test_animator_api" name="test_rotation_at_interpolates_until_stop" time="0.002" /><testcase classname="tests.test_animator_api" name="test_font_scale_grows_with_dpi" time="0.000" /><testcase classname="tests.test_helpers" name="test_format_date_with_numpy_datetime64_and_locale_ptbr" time="0.000" /><testcase classname="tests.test_helpers" name="test_format_date_fallbacks_to_english_for_unknown_locale" time="0.000" /><testcase classname="tests.test_metadata" name="test_setup_version_is_041" time="0.001" /><testcase classname="tests.test_metadata" name="test_setup_does_not_require_basemap" time="0.001" /></testsuite></testsuites>