<?xml version="1.0" encoding="utf-8"?><testsuites name="pytest tests"><testsuite name="pytest" errors="0" failures="1" skipped="0" tests="9" time="0.936" timestamp="2026-04-18T13:40:25.326733-03:00" hostname="jezuis-Aspire-A515-57"><testcase classname="tests.test_animator_api" name="test_orhoanimator_fallbacks_to_t2m_when_preset_missing" time="0.004" /><testcase classname="tests.test_animator_api" name="test_set_video_quality_validates_bounds" time="0.002" /><testcase classname="tests.test_animator_api" name="test_set_quality_unknown_preset_raises" time="0.002" /><testcase classname="tests.test_animator_api" name="test_rotation_stop_fraction_validation" time="0.001" /><testcase classname="tests.test_animator_api" name="test_rotation_at_interpolates_until_stop" time="0.002" /><testcase classname="tests.test_animator_api" name="test_font_scale_grows_with_dpi" time="0.000" /><testcase classname="tests.test_helpers" name="test_format_date_with_numpy_datetime64_and_locale_ptbr" time="0.000" /><testcase classname="tests.test_helpers" name="test_format_date_fallbacks_to_english_for_unknown_locale" time="0.000" /><testcase classname="tests.test_metadata" name="test_setup_version_is_030" time="0.001"><failure message="assert &quot;version='0.3.0'&quot; in 'from setuptools import find_packages, setup\n\nwith open(&quot;README.md&quot;, &quot;r&quot;, encoding=&quot;utf-8&quot;) as fh:\n    readme = fh....      &quot;requests&quot;,        # remova se não fizer download direto da NOAA\n        &quot;noawclg&quot;,\n        &quot;kitano&quot;,\n    ],)'">tests/test_metadata.py:7: in test_setup_version_is_030
    assert "version='0.3.0'" in content
E   assert "version='0.3.0'" in 'from setuptools import find_packages, setup\n\nwith open("README.md", "r", encoding="utf-8") as fh:\n    readme = fh....      "requests",        # remova se não fizer download direto da NOAA\n        "noawclg",\n        "kitano",\n    ],)'</failure></testcase></testsuite></testsuites>